<?xml version="1.0" encoding="UTF-8"?>
<!-- Generated by org.testng.reporters.JUnitXMLReporter -->
<testsuite hostname="DESKTOP-MHRHBD4" ignored="0" name="Test" tests="11" failures="6" timestamp="2020-10-27T22:20:19 EDT" time="103.8" errors="0">
  <testcase name="testchrome" time="14.343" classname="com.wordpress.tests.TestSeleniumChrome"/>
  <testcase name="loginToWordpress" time="8.286" classname="com.wordpress.tests.KeywordDrivenUsingExcel">
    <failure type="java.lang.AssertionError" message="expected [http://demosite.center/wordpress/wp-login.php] but found [http://demosite.center/wordpress/wp-admin/]">
      <![CDATA[java.lang.AssertionError: expected [http://demosite.center/wordpress/wp-login.php] but found [http://demosite.center/wordpress/wp-admin/]
at com.wordpress.tests.KeywordDrivenUsingExcel.loginToWordpress(KeywordDrivenUsingExcel.java:31)
at java.util.ArrayList.forEach(ArrayList.java:1257)
... Removed 36 stack frames]]>
    </failure>
  </testcase> <!-- loginToWordpress -->
  <testcase name="loginToWordpress" time="12.166" classname="com.wordpress.tests.KeywordDrivenUsingExcel"/>
  <testcase name="loginToWordpress" time="6.048" classname="com.wordpress.tests.KeywordDrivenUsingExcel">
    <failure type="java.lang.AssertionError" message="expected [http://demosite.center/wordpress/wp-login.php] but found [http://demosite.center/wordpress/wp-admin/]">
      <![CDATA[java.lang.AssertionError: expected [http://demosite.center/wordpress/wp-login.php] but found [http://demosite.center/wordpress/wp-admin/]
at com.wordpress.tests.KeywordDrivenUsingExcel.loginToWordpress(KeywordDrivenUsingExcel.java:31)
at java.util.ArrayList.forEach(ArrayList.java:1257)
... Removed 36 stack frames]]>
    </failure>
  </testcase> <!-- loginToWordpress -->
  <testcase name="loginToWordpress" time="7.449" classname="com.wordpress.tests.DataDrivenUsingExcel">
    <failure type="java.lang.AssertionError" message="expected [http://demosite.center/wordpress/wp-login.php] but found [http://demosite.center/wordpress/wp-admin/]">
      <![CDATA[java.lang.AssertionError: expected [http://demosite.center/wordpress/wp-login.php] but found [http://demosite.center/wordpress/wp-admin/]
at com.wordpress.tests.DataDrivenUsingExcel.loginToWordpress(DataDrivenUsingExcel.java:26)
at java.util.ArrayList.forEach(ArrayList.java:1257)
... Removed 36 stack frames]]>
    </failure>
  </testcase> <!-- loginToWordpress -->
  <testcase name="loginToWordpress" time="8.189" classname="com.wordpress.tests.DataDrivenUsingExcel"/>
  <testcase name="loginToWordpress" time="6.508" classname="com.wordpress.tests.DataDrivenUsingExcel">
    <failure type="java.lang.AssertionError" message="expected [http://demosite.center/wordpress/wp-login.php] but found [http://demosite.center/wordpress/wp-admin/]">
      <![CDATA[java.lang.AssertionError: expected [http://demosite.center/wordpress/wp-login.php] but found [http://demosite.center/wordpress/wp-admin/]
at com.wordpress.tests.DataDrivenUsingExcel.loginToWordpress(DataDrivenUsingExcel.java:26)
at java.util.ArrayList.forEach(ArrayList.java:1257)
... Removed 36 stack frames]]>
    </failure>
  </testcase> <!-- loginToWordpress -->
  <testcase name="loginToWordpress" time="6.018" classname="com.wordpress.tests.DataDrivenUsingDataProvider">
    <failure type="java.lang.AssertionError" message="expected [http://demosite.center/wordpress/wp-login.php] but found [http://demosite.center/wordpress/wp-admin/]">
      <![CDATA[java.lang.AssertionError: expected [http://demosite.center/wordpress/wp-login.php] but found [http://demosite.center/wordpress/wp-admin/]
at com.wordpress.tests.DataDrivenUsingDataProvider.loginToWordpress(DataDrivenUsingDataProvider.java:25)
at java.util.ArrayList.forEach(ArrayList.java:1257)
... Removed 36 stack frames]]>
    </failure>
  </testcase> <!-- loginToWordpress -->
  <testcase name="loginToWordpress" time="7.554" classname="com.wordpress.tests.DataDrivenUsingDataProvider"/>
  <testcase name="loginToWordpress" time="7.896" classname="com.wordpress.tests.DataDrivenUsingDataProvider">
    <failure type="java.lang.AssertionError" message="expected [http://demosite.center/wordpress/wp-login.php] but found [http://demosite.center/wordpress/wp-admin/]">
      <![CDATA[java.lang.AssertionError: expected [http://demosite.center/wordpress/wp-login.php] but found [http://demosite.center/wordpress/wp-admin/]
at com.wordpress.tests.DataDrivenUsingDataProvider.loginToWordpress(DataDrivenUsingDataProvider.java:25)
at java.util.ArrayList.forEach(ArrayList.java:1257)
... Removed 36 stack frames]]>
    </failure>
  </testcase> <!-- loginToWordpress -->
  <testcase name="checkValidLogin" time="10.819" classname="com.wordpress.tests.WordpressValidLogin"/>
</testsuite> <!-- Test -->
