<!DOCTYPE html PUBLIC "-//W3C//DTD XHTML 1.1//EN" "http://www.w3.org/TR/xhtml11/DTD/xhtml11.dtd">
<html xmlns="http://www.w3.org/1999/xhtml">
<head>
<meta http-equiv="content-type" content="text/html; charset=UTF-8"/>
<title>TestNG Report</title>
<style type="text/css">table {margin-bottom:10px;border-collapse:collapse;empty-cells:show}th,td {border:1px solid #009;padding:.25em .5em}th {vertical-align:bottom}td {vertical-align:top}table a {font-weight:bold}.stripe td {background-color: #E6EBF9}.num {text-align:right}.passedodd td {background-color: #3F3}.passedeven td {background-color: #0A0}.skippedodd td {background-color: #DDD}.skippedeven td {background-color: #CCC}.failedodd td,.attn {background-color: #F33}.failedeven td,.stripe .attn {background-color: #D00}.stacktrace {white-space:pre;font-family:monospace}.totop {font-size:85%;text-align:center;border-bottom:2px solid #000}.invisible {display:none}</style>
</head>
<body>
<table>
<tr><th>Test</th><th># Passed</th><th># Skipped</th><th># Retried</th><th># Failed</th><th>Time (ms)</th><th>Included Groups</th><th>Excluded Groups</th></tr>
<tr><th colspan="8">Suite</th></tr>
<tr><td><a href="#t0">Test</a></td><td class="num">5</td><td class="num">0</td><td class="num">0</td><td class="num attn">6</td><td class="num">103,800</td><td></td><td></td></tr>
</table>
<table id='summary'><thead><tr><th>Class</th><th>Method</th><th>Start</th><th>Time (ms)</th></tr></thead><tbody><tr><th colspan="4">Suite</th></tr></tbody><tbody id="t0"><tr><th colspan="4">Test &#8212; failed</th></tr><tr class="failedeven"><td rowspan="2">com.wordpress.tests.DataDrivenUsingDataProvider</td><td><a href="#m0">loginToWordpress</a></td><td rowspan="2">1603851584791</td><td rowspan="2">6018</td></tr><tr class="failedeven"><td><a href="#m1">loginToWordpress</a></td></tr><tr class="failedodd"><td rowspan="2">com.wordpress.tests.DataDrivenUsingExcel</td><td><a href="#m2">loginToWordpress</a></td><td rowspan="2">1603851560371</td><td rowspan="2">7449</td></tr><tr class="failedodd"><td><a href="#m3">loginToWordpress</a></td></tr><tr class="failedeven"><td rowspan="2">com.wordpress.tests.KeywordDrivenUsingExcel</td><td><a href="#m4">loginToWordpress</a></td><td rowspan="2">1603851531025</td><td rowspan="2">8286</td></tr><tr class="failedeven"><td><a href="#m5">loginToWordpress</a></td></tr><tr><th colspan="4">Test &#8212; passed</th></tr><tr class="passedeven"><td rowspan="1">com.wordpress.tests.DataDrivenUsingDataProvider</td><td><a href="#m6">loginToWordpress</a></td><td rowspan="1">1603851591596</td><td rowspan="1">7554</td></tr><tr class="passedodd"><td rowspan="1">com.wordpress.tests.DataDrivenUsingExcel</td><td><a href="#m7">loginToWordpress</a></td><td rowspan="1">1603851568648</td><td rowspan="1">8189</td></tr><tr class="passedeven"><td rowspan="1">com.wordpress.tests.KeywordDrivenUsingExcel</td><td><a href="#m8">loginToWordpress</a></td><td rowspan="1">1603851540275</td><td rowspan="1">12166</td></tr><tr class="passedodd"><td rowspan="1">com.wordpress.tests.TestSeleniumChrome</td><td><a href="#m9">testchrome</a></td><td rowspan="1">1603851515645</td><td rowspan="1">14343</td></tr><tr class="passedeven"><td rowspan="1">com.wordpress.tests.WordpressValidLogin</td><td><a href="#m10">checkValidLogin</a></td><td rowspan="1">1603851608592</td><td rowspan="1">10819</td></tr></tbody>
</table>
<h2>Test</h2><h3 id="m0">com.wordpress.tests.DataDrivenUsingDataProvider#loginToWordpress</h3><table class="result"><tr class="param"><th>Parameter #1</th><th>Parameter #2</th></tr><tr class="param stripe"><td>ädmin1</td><td>demo1</td></tr><tr><th colspan="2">Exception</th></tr><tr><td colspan="2"><div class="stacktrace">java.lang.AssertionError: expected [http://demosite.center/wordpress/wp-login.php] but found [http://demosite.center/wordpress/wp-admin/]
	at com.wordpress.tests.DataDrivenUsingDataProvider.loginToWordpress(DataDrivenUsingDataProvider.java:25)
	at java.util.ArrayList.forEach(ArrayList.java:1257)
... Removed 36 stack frames</div></td></tr></table><p class="totop"><a href="#summary">back to summary</a></p>
<h3 id="m1">com.wordpress.tests.DataDrivenUsingDataProvider#loginToWordpress</h3><table class="result"><tr class="param"><th>Parameter #1</th><th>Parameter #2</th></tr><tr class="param stripe"><td>admin2</td><td>demo1234</td></tr><tr><th colspan="2">Exception</th></tr><tr><td colspan="2"><div class="stacktrace">java.lang.AssertionError: expected [http://demosite.center/wordpress/wp-login.php] but found [http://demosite.center/wordpress/wp-admin/]
	at com.wordpress.tests.DataDrivenUsingDataProvider.loginToWordpress(DataDrivenUsingDataProvider.java:25)
	at java.util.ArrayList.forEach(ArrayList.java:1257)
... Removed 36 stack frames</div></td></tr></table><p class="totop"><a href="#summary">back to summary</a></p>
<h3 id="m2">com.wordpress.tests.DataDrivenUsingExcel#loginToWordpress</h3><table class="result"><tr class="param"><th>Parameter #1</th><th>Parameter #2</th></tr><tr class="param stripe"><td>ädmin1</td><td>demo1</td></tr><tr><th colspan="2">Exception</th></tr><tr><td colspan="2"><div class="stacktrace">java.lang.AssertionError: expected [http://demosite.center/wordpress/wp-login.php] but found [http://demosite.center/wordpress/wp-admin/]
	at com.wordpress.tests.DataDrivenUsingExcel.loginToWordpress(DataDrivenUsingExcel.java:26)
	at java.util.ArrayList.forEach(ArrayList.java:1257)
... Removed 36 stack frames</div></td></tr></table><p class="totop"><a href="#summary">back to summary</a></p>
<h3 id="m3">com.wordpress.tests.DataDrivenUsingExcel#loginToWordpress</h3><table class="result"><tr class="param"><th>Parameter #1</th><th>Parameter #2</th></tr><tr class="param stripe"><td>admin2</td><td>demo1234</td></tr><tr><th colspan="2">Exception</th></tr><tr><td colspan="2"><div class="stacktrace">java.lang.AssertionError: expected [http://demosite.center/wordpress/wp-login.php] but found [http://demosite.center/wordpress/wp-admin/]
	at com.wordpress.tests.DataDrivenUsingExcel.loginToWordpress(DataDrivenUsingExcel.java:26)
	at java.util.ArrayList.forEach(ArrayList.java:1257)
... Removed 36 stack frames</div></td></tr></table><p class="totop"><a href="#summary">back to summary</a></p>
<h3 id="m4">com.wordpress.tests.KeywordDrivenUsingExcel#loginToWordpress</h3><table class="result"><tr class="param"><th>Parameter #1</th><th>Parameter #2</th></tr><tr class="param stripe"><td>ädmin1</td><td>demo1</td></tr><tr><th colspan="2">Exception</th></tr><tr><td colspan="2"><div class="stacktrace">java.lang.AssertionError: expected [http://demosite.center/wordpress/wp-login.php] but found [http://demosite.center/wordpress/wp-admin/]
	at com.wordpress.tests.KeywordDrivenUsingExcel.loginToWordpress(KeywordDrivenUsingExcel.java:31)
	at java.util.ArrayList.forEach(ArrayList.java:1257)
... Removed 36 stack frames</div></td></tr></table><p class="totop"><a href="#summary">back to summary</a></p>
<h3 id="m5">com.wordpress.tests.KeywordDrivenUsingExcel#loginToWordpress</h3><table class="result"><tr class="param"><th>Parameter #1</th><th>Parameter #2</th></tr><tr class="param stripe"><td>admin2</td><td>demo1234</td></tr><tr><th colspan="2">Exception</th></tr><tr><td colspan="2"><div class="stacktrace">java.lang.AssertionError: expected [http://demosite.center/wordpress/wp-login.php] but found [http://demosite.center/wordpress/wp-admin/]
	at com.wordpress.tests.KeywordDrivenUsingExcel.loginToWordpress(KeywordDrivenUsingExcel.java:31)
	at java.util.ArrayList.forEach(ArrayList.java:1257)
... Removed 36 stack frames</div></td></tr></table><p class="totop"><a href="#summary">back to summary</a></p>
<h3 id="m6">com.wordpress.tests.DataDrivenUsingDataProvider#loginToWordpress</h3><table class="result"><tr class="param"><th>Parameter #1</th><th>Parameter #2</th></tr><tr class="param stripe"><td>admin</td><td>demo123</td></tr></table><p class="totop"><a href="#summary">back to summary</a></p>
<h3 id="m7">com.wordpress.tests.DataDrivenUsingExcel#loginToWordpress</h3><table class="result"><tr class="param"><th>Parameter #1</th><th>Parameter #2</th></tr><tr class="param stripe"><td>admin</td><td>demo123</td></tr></table><p class="totop"><a href="#summary">back to summary</a></p>
<h3 id="m8">com.wordpress.tests.KeywordDrivenUsingExcel#loginToWordpress</h3><table class="result"><tr class="param"><th>Parameter #1</th><th>Parameter #2</th></tr><tr class="param stripe"><td>admin</td><td>demo123</td></tr></table><p class="totop"><a href="#summary">back to summary</a></p>
<h3 id="m9">com.wordpress.tests.TestSeleniumChrome#testchrome</h3><table class="result"><tr><th class="invisible"/></tr></table><p class="totop"><a href="#summary">back to summary</a></p>
<h3 id="m10">com.wordpress.tests.WordpressValidLogin#checkValidLogin</h3><table class="result"><tr><th>Messages</th></tr><tr><td><div class="messages">Success login</div></td></tr></table><p class="totop"><a href="#summary">back to summary</a></p>
</body>
</html>
